[2021-02-18_16:13:40][INFO][python] Logging info to /root/dev/2021-SIPTA-crema/logs/20210218_161340.log
[2021-02-18_16:13:41][INFO][python] Starting experiment 0
[2021-02-18_16:13:42][INFO][java] Saving log to: /root/dev/2021-SIPTA-crema/logs/20210218_161340.log
[2021-02-18_16:13:42][INFO][java] Input args: -t;--method=cve;-r;1;-w;0;-x;3;--timeout=600;/root/dev/2021-SIPTA-crema/networks/vmodel/vmodel-sing_n4_mID2_mD6_mV4_nV2-1.uai;--log=/root/dev/2021-SIPTA-crema/logs/20210218_161340.log
[2021-02-18_16:13:42][INFO][java] Starting experiments
[2021-02-18_16:13:42][INFO][java] Loaded model ([0, 1, 2, 3], [(0,1), (1,2), (2,3)])
[2021-02-18_16:13:42][INFO][java] Measurable iteration 1/1 (48 ms.)
[2021-02-18_16:13:42][INFO][java] Processing results
[2021-02-18_16:13:42][INFO][java] results=dict(time=48.0,interval_result=[0.476609993,0.614758876376,0.385241123624,0.523390007],err_msg='',arg_str='-t;--method=cve;-r;1;-w;0;-x;3;--timeout=600;/root/dev/2021-SIPTA-crema/networks/vmodel/vmodel-sing_n4_mID2_mD6_mV4_nV2-1.uai;--log=/root/dev/2021-SIPTA-crema/logs/20210218_161340.log')
[2021-02-18_16:13:42][INFO][python] Starting experiment 1
[2021-02-18_16:13:43][INFO][java] Saving log to: /root/dev/2021-SIPTA-crema/logs/20210218_161340.log
[2021-02-18_16:13:43][INFO][java] Input args: -t;--method=cve;-r;1;-w;0;-x;0;-y;3;--timeout=600;/root/dev/2021-SIPTA-crema/networks/vmodel/vmodel-sing_n4_mID2_mD6_mV4_nV2-1.uai;--log=/root/dev/2021-SIPTA-crema/logs/20210218_161340.log
[2021-02-18_16:13:43][INFO][java] Starting experiments
[2021-02-18_16:13:43][INFO][java] Loaded model ([0, 1, 2, 3], [(0,1), (1,2), (2,3)])
[2021-02-18_16:13:43][INFO][java] Measurable iteration 1/1 (54 ms.)
[2021-02-18_16:13:43][INFO][java] Processing results
[2021-02-18_16:13:43][INFO][java] results=dict(time=54.0,interval_result=[0.21158887521400385,0.31777107907580027,0.46768068370950255,0.6384243669543201,0.05671049889741206,0.2693091294252906,0.010565563603468645,0.0553632024719982],err_msg='',arg_str='-t;--method=cve;-r;1;-w;0;-x;0;-y;3;--timeout=600;/root/dev/2021-SIPTA-crema/networks/vmodel/vmodel-sing_n4_mID2_mD6_mV4_nV2-1.uai;--log=/root/dev/2021-SIPTA-crema/logs/20210218_161340.log')
[2021-02-18_16:13:43][INFO][python] Starting experiment 2
[2021-02-18_16:13:44][INFO][java] Saving log to: /root/dev/2021-SIPTA-crema/logs/20210218_161340.log
[2021-02-18_16:13:45][INFO][java] Input args: -t;--method=cve;-r;1;-w;0;-x;4;--timeout=600;/root/dev/2021-SIPTA-crema/networks/vmodel/vmodel-sing_n5_mID2_mD6_mV4_nV2-1.uai;--log=/root/dev/2021-SIPTA-crema/logs/20210218_161340.log
[2021-02-18_16:13:45][INFO][java] Starting experiments
[2021-02-18_16:13:45][INFO][java] Loaded model ([0, 1, 2, 3, 4], [(0,1), (1,2), (2,3), (3,4)])
[2021-02-18_16:13:45][INFO][java] Measurable iteration 1/1 (151 ms.)
[2021-02-18_16:13:45][INFO][java] Processing results
[2021-02-18_16:13:45][INFO][java] results=dict(time=151.0,interval_result=[0.139525240230232,0.40904841081014,0.23385172573637,0.641950949722884,0.12303928458006001,0.5277107544401599],err_msg='',arg_str='-t;--method=cve;-r;1;-w;0;-x;4;--timeout=600;/root/dev/2021-SIPTA-crema/networks/vmodel/vmodel-sing_n5_mID2_mD6_mV4_nV2-1.uai;--log=/root/dev/2021-SIPTA-crema/logs/20210218_161340.log')
