[2021-02-18_16:54:08][INFO][python] Logging info to /root/dev/2021-SIPTA-crema/logs/20210218_165408.log
[2021-02-18_16:54:09][INFO][python] Starting experiment 0 out of 377
[2021-02-18_16:54:10][INFO][java] Saving log to: /root/dev/2021-SIPTA-crema/logs/20210218_165408.log
[2021-02-18_16:54:10][INFO][java] Input args: -t;--method=cve;-r;1;-w;0;-x;3;--timeout=600;/root/dev/2021-SIPTA-crema/networks/vmodel/vmodel-sing_n4_mID2_mD6_mV4_nV2-1.uai;--log=/root/dev/2021-SIPTA-crema/logs/20210218_165408.log
[2021-02-18_16:54:10][INFO][java] Starting experiments
[2021-02-18_16:54:10][INFO][java] Loaded model ([0, 1, 2, 3], [(0,1), (1,2), (2,3)])
[2021-02-18_16:54:10][INFO][java] Measurable iteration 1/1 (51 ms.)
[2021-02-18_16:54:10][INFO][java] Processing results
[2021-02-18_16:54:10][INFO][java] results=dict(time=51.0,interval_result=[0.476609993,0.614758876376,0.385241123624,0.523390007],err_msg='',arg_str='-t;--method=cve;-r;1;-w;0;-x;3;--timeout=600;/root/dev/2021-SIPTA-crema/networks/vmodel/vmodel-sing_n4_mID2_mD6_mV4_nV2-1.uai;--log=/root/dev/2021-SIPTA-crema/logs/20210218_165408.log')
[2021-02-18_16:54:10][INFO][python] Results saved to /root/dev/2021-SIPTA-crema/results/tmp/20210218_165408.csv
[2021-02-18_16:54:10][INFO][python] Starting experiment 1 out of 377
[2021-02-18_16:54:11][INFO][java] Saving log to: /root/dev/2021-SIPTA-crema/logs/20210218_165408.log
[2021-02-18_16:54:12][INFO][java] Input args: -t;--method=cve;-r;1;-w;0;-x;0;-y;3;--timeout=600;/root/dev/2021-SIPTA-crema/networks/vmodel/vmodel-sing_n4_mID2_mD6_mV4_nV2-1.uai;--log=/root/dev/2021-SIPTA-crema/logs/20210218_165408.log
[2021-02-18_16:54:12][INFO][java] Starting experiments
[2021-02-18_16:54:12][INFO][java] Loaded model ([0, 1, 2, 3], [(0,1), (1,2), (2,3)])
[2021-02-18_16:54:12][INFO][java] Measurable iteration 1/1 (58 ms.)
[2021-02-18_16:54:12][INFO][java] Processing results
[2021-02-18_16:54:12][INFO][java] results=dict(time=58.0,interval_result=[0.21158887521400385,0.31777107907580027,0.46768068370950255,0.6384243669543201,0.05671049889741206,0.2693091294252906,0.010565563603468645,0.0553632024719982],err_msg='',arg_str='-t;--method=cve;-r;1;-w;0;-x;0;-y;3;--timeout=600;/root/dev/2021-SIPTA-crema/networks/vmodel/vmodel-sing_n4_mID2_mD6_mV4_nV2-1.uai;--log=/root/dev/2021-SIPTA-crema/logs/20210218_165408.log')
[2021-02-18_16:54:12][INFO][python] Results saved to /root/dev/2021-SIPTA-crema/results/tmp/20210218_165408.csv
[2021-02-18_16:54:12][INFO][python] Starting experiment 2 out of 377
[2021-02-18_16:54:13][INFO][java] Saving log to: /root/dev/2021-SIPTA-crema/logs/20210218_165408.log
[2021-02-18_16:54:13][INFO][java] Input args: -t;--method=cve;-r;1;-w;0;-x;4;--timeout=600;/root/dev/2021-SIPTA-crema/networks/vmodel/vmodel-sing_n5_mID2_mD6_mV4_nV2-1.uai;--log=/root/dev/2021-SIPTA-crema/logs/20210218_165408.log
[2021-02-18_16:54:13][INFO][java] Starting experiments
[2021-02-18_16:54:13][INFO][java] Loaded model ([0, 1, 2, 3, 4], [(0,1), (1,2), (2,3), (3,4)])
[2021-02-18_16:54:13][INFO][java] Measurable iteration 1/1 (131 ms.)
[2021-02-18_16:54:13][INFO][java] Processing results
[2021-02-18_16:54:13][INFO][java] results=dict(time=131.0,interval_result=[0.139525240230232,0.40904841081014,0.23385172573637,0.641950949722884,0.12303928458006001,0.5277107544401599],err_msg='',arg_str='-t;--method=cve;-r;1;-w;0;-x;4;--timeout=600;/root/dev/2021-SIPTA-crema/networks/vmodel/vmodel-sing_n5_mID2_mD6_mV4_nV2-1.uai;--log=/root/dev/2021-SIPTA-crema/logs/20210218_165408.log')
[2021-02-18_16:54:13][INFO][python] Results saved to /root/dev/2021-SIPTA-crema/results/tmp/20210218_165408.csv
[2021-02-18_16:54:13][INFO][python] Starting experiment 3 out of 377
[2021-02-18_16:54:14][INFO][java] Saving log to: /root/dev/2021-SIPTA-crema/logs/20210218_165408.log
[2021-02-18_16:54:14][INFO][java] Input args: -t;--method=cve;-r;1;-w;0;-x;0;-y;4;--timeout=600;/root/dev/2021-SIPTA-crema/networks/vmodel/vmodel-sing_n5_mID2_mD6_mV4_nV2-1.uai;--log=/root/dev/2021-SIPTA-crema/logs/20210218_165408.log
[2021-02-18_16:54:14][INFO][java] Starting experiments
[2021-02-18_16:54:14][INFO][java] Loaded model ([0, 1, 2, 3, 4], [(0,1), (1,2), (2,3), (3,4)])
[2021-02-18_16:54:14][INFO][java] Measurable iteration 1/1 (192 ms.)
[2021-02-18_16:54:14][INFO][java] Processing results
[2021-02-18_16:54:14][INFO][java] results=dict(time=192.0,interval_result=[0.08881519367445478,0.4106994478634178,0.20732277663754944,0.6987817526272669,0.20153561498384626,0.4244924529047827],err_msg='',arg_str='-t;--method=cve;-r;1;-w;0;-x;0;-y;4;--timeout=600;/root/dev/2021-SIPTA-crema/networks/vmodel/vmodel-sing_n5_mID2_mD6_mV4_nV2-1.uai;--log=/root/dev/2021-SIPTA-crema/logs/20210218_165408.log')
[2021-02-18_16:54:14][INFO][python] Results saved to /root/dev/2021-SIPTA-crema/results/tmp/20210218_165408.csv
[2021-02-18_16:54:14][INFO][python] Starting experiment 4 out of 377
[2021-02-18_16:54:15][INFO][java] Saving log to: /root/dev/2021-SIPTA-crema/logs/20210218_165408.log
[2021-02-18_16:54:15][INFO][java] Input args: -t;--method=cve;-r;1;-w;0;-x;5;--timeout=600;/root/dev/2021-SIPTA-crema/networks/vmodel/vmodel-sing_n6_mID2_mD6_mV4_nV2-1.uai;--log=/root/dev/2021-SIPTA-crema/logs/20210218_165408.log
[2021-02-18_16:54:15][INFO][java] Starting experiments
[2021-02-18_16:54:15][INFO][java] Loaded model ([0, 1, 2, 3, 4, 5], [(0,1), (1,2), (2,3), (3,4), (4,5)])
[2021-02-18_16:54:15][INFO][java] Measurable iteration 1/1 (131 ms.)
[2021-02-18_16:54:15][INFO][java] Processing results
[2021-02-18_16:54:15][INFO][java] results=dict(time=131.0,interval_result=[0.06913445655785863,0.6015031986195333,0.09165834101998299,0.6655125442856715,0.0743771171688254,0.44464003272537717,0.031712064828787356,0.254666391736042],err_msg='',arg_str='-t;--method=cve;-r;1;-w;0;-x;5;--timeout=600;/root/dev/2021-SIPTA-crema/networks/vmodel/vmodel-sing_n6_mID2_mD6_mV4_nV2-1.uai;--log=/root/dev/2021-SIPTA-crema/logs/20210218_165408.log')
[2021-02-18_16:54:16][INFO][python] Results saved to /root/dev/2021-SIPTA-crema/results/tmp/20210218_165408.csv
[2021-02-18_16:54:16][INFO][python] Starting experiment 5 out of 377
[2021-02-18_16:54:17][INFO][java] Saving log to: /root/dev/2021-SIPTA-crema/logs/20210218_165408.log
[2021-02-18_16:54:17][INFO][java] Input args: -t;--method=cve;-r;1;-w;0;-x;0;-y;5;--timeout=600;/root/dev/2021-SIPTA-crema/networks/vmodel/vmodel-sing_n6_mID2_mD6_mV4_nV2-1.uai;--log=/root/dev/2021-SIPTA-crema/logs/20210218_165408.log
[2021-02-18_16:54:17][INFO][java] Starting experiments
[2021-02-18_16:54:17][INFO][java] Loaded model ([0, 1, 2, 3, 4, 5], [(0,1), (1,2), (2,3), (3,4), (4,5)])
[2021-02-18_16:54:17][INFO][java] Measurable iteration 1/1 (231 ms.)
[2021-02-18_16:54:17][INFO][java] Processing results
[2021-02-18_16:54:17][INFO][java] results=dict(time=231.0,interval_result=[0.09281719321700743,0.8586191822095642,0.0970174160833891,0.25677152270613585,0.012266859587267991,0.5693372306146309,0.03054698992708289,0.17116293803024737],err_msg='',arg_str='-t;--method=cve;-r;1;-w;0;-x;0;-y;5;--timeout=600;/root/dev/2021-SIPTA-crema/networks/vmodel/vmodel-sing_n6_mID2_mD6_mV4_nV2-1.uai;--log=/root/dev/2021-SIPTA-crema/logs/20210218_165408.log')
[2021-02-18_16:54:17][INFO][python] Results saved to /root/dev/2021-SIPTA-crema/results/tmp/20210218_165408.csv
[2021-02-18_16:54:17][INFO][python] Starting experiment 6 out of 377
[2021-02-18_16:54:18][INFO][java] Saving log to: /root/dev/2021-SIPTA-crema/logs/20210218_165408.log
[2021-02-18_16:54:18][INFO][java] Input args: -t;--method=cve;-r;1;-w;0;-x;6;--timeout=600;/root/dev/2021-SIPTA-crema/networks/vmodel/vmodel-sing_n7_mID2_mD6_mV4_nV2-1.uai;--log=/root/dev/2021-SIPTA-crema/logs/20210218_165408.log
[2021-02-18_16:54:18][INFO][java] Starting experiments
[2021-02-18_16:54:18][INFO][java] Loaded model ([0, 1, 2, 3, 4, 5, 6], [(0,1), (1,2), (2,3), (3,4), (4,5), (5,6)])
[2021-02-18_16:54:19][INFO][java] Measurable iteration 1/1 (700 ms.)
[2021-02-18_16:54:19][INFO][java] Processing results
[2021-02-18_16:54:19][INFO][java] results=dict(time=700.0,interval_result=[0.32631357354504925,0.8655622137396267,0.1344377862603735,0.673686426454951],err_msg='',arg_str='-t;--method=cve;-r;1;-w;0;-x;6;--timeout=600;/root/dev/2021-SIPTA-crema/networks/vmodel/vmodel-sing_n7_mID2_mD6_mV4_nV2-1.uai;--log=/root/dev/2021-SIPTA-crema/logs/20210218_165408.log')
[2021-02-18_16:54:19][INFO][python] Results saved to /root/dev/2021-SIPTA-crema/results/tmp/20210218_165408.csv
[2021-02-18_16:54:19][INFO][python] Starting experiment 7 out of 377
[2021-02-18_16:54:20][INFO][java] Saving log to: /root/dev/2021-SIPTA-crema/logs/20210218_165408.log
[2021-02-18_16:54:20][INFO][java] Input args: -t;--method=cve;-r;1;-w;0;-x;0;-y;6;--timeout=600;/root/dev/2021-SIPTA-crema/networks/vmodel/vmodel-sing_n7_mID2_mD6_mV4_nV2-1.uai;--log=/root/dev/2021-SIPTA-crema/logs/20210218_165408.log
[2021-02-18_16:54:20][INFO][java] Starting experiments
[2021-02-18_16:54:20][INFO][java] Loaded model ([0, 1, 2, 3, 4, 5, 6], [(0,1), (1,2), (2,3), (3,4), (4,5), (5,6)])
[2021-02-18_16:54:21][INFO][java] Measurable iteration 1/1 (901 ms.)
[2021-02-18_16:54:21][INFO][java] Processing results
[2021-02-18_16:54:21][INFO][java] results=dict(time=901.0,interval_result=[0.06488227581822582,0.7364474616501411,0.2635525383498589,0.9351177241817742],err_msg='',arg_str='-t;--method=cve;-r;1;-w;0;-x;0;-y;6;--timeout=600;/root/dev/2021-SIPTA-crema/networks/vmodel/vmodel-sing_n7_mID2_mD6_mV4_nV2-1.uai;--log=/root/dev/2021-SIPTA-crema/logs/20210218_165408.log')
[2021-02-18_16:54:21][INFO][python] Results saved to /root/dev/2021-SIPTA-crema/results/tmp/20210218_165408.csv
[2021-02-18_16:54:21][INFO][python] Starting experiment 8 out of 377
[2021-02-18_16:54:22][INFO][java] Saving log to: /root/dev/2021-SIPTA-crema/logs/20210218_165408.log
[2021-02-18_16:54:22][INFO][java] Input args: -t;--method=cve;-r;1;-w;0;-x;7;--timeout=600;/root/dev/2021-SIPTA-crema/networks/vmodel/vmodel-sing_n8_mID2_mD6_mV4_nV2-1.uai;--log=/root/dev/2021-SIPTA-crema/logs/20210218_165408.log
[2021-02-18_16:54:22][INFO][java] Starting experiments
[2021-02-18_16:54:22][INFO][java] Loaded model ([0, 1, 2, 3, 4, 5, 6, 7], [(0,1), (1,2), (2,3), (3,4), (4,5), (5,6), (6,7)])
[2021-02-18_16:54:23][INFO][java] Measurable iteration 1/1 (1584 ms.)
[2021-02-18_16:54:23][INFO][java] Processing results
[2021-02-18_16:54:24][INFO][java] results=dict(time=1584.0,interval_result=[0.017249948513106902,0.46850626627645087,0.062450810694004454,0.7102981473339223,0.04845598157947407,0.5442871133870856,0.016050915869178433,0.27795070370338143],err_msg='',arg_str='-t;--method=cve;-r;1;-w;0;-x;7;--timeout=600;/root/dev/2021-SIPTA-crema/networks/vmodel/vmodel-sing_n8_mID2_mD6_mV4_nV2-1.uai;--log=/root/dev/2021-SIPTA-crema/logs/20210218_165408.log')
[2021-02-18_16:54:24][INFO][python] Results saved to /root/dev/2021-SIPTA-crema/results/tmp/20210218_165408.csv
[2021-02-18_16:54:24][INFO][python] Starting experiment 9 out of 377
[2021-02-18_16:54:25][INFO][java] Saving log to: /root/dev/2021-SIPTA-crema/logs/20210218_165408.log
[2021-02-18_16:54:25][INFO][java] Input args: -t;--method=cve;-r;1;-w;0;-x;0;-y;7;--timeout=600;/root/dev/2021-SIPTA-crema/networks/vmodel/vmodel-sing_n8_mID2_mD6_mV4_nV2-1.uai;--log=/root/dev/2021-SIPTA-crema/logs/20210218_165408.log
[2021-02-18_16:54:25][INFO][java] Starting experiments
[2021-02-18_16:54:25][INFO][java] Loaded model ([0, 1, 2, 3, 4, 5, 6, 7], [(0,1), (1,2), (2,3), (3,4), (4,5), (5,6), (6,7)])
[2021-02-18_16:54:29][INFO][java] Measurable iteration 1/1 (4263 ms.)
[2021-02-18_16:54:29][INFO][java] Processing results
[2021-02-18_16:54:29][INFO][java] results=dict(time=4263.0,interval_result=[0.16897875901639126,0.5845273842390771,0.09405623992054336,0.5169480782418454,0.04687876892828347,0.7236079281446574],err_msg='',arg_str='-t;--method=cve;-r;1;-w;0;-x;0;-y;7;--timeout=600;/root/dev/2021-SIPTA-crema/networks/vmodel/vmodel-sing_n8_mID2_mD6_mV4_nV2-1.uai;--log=/root/dev/2021-SIPTA-crema/logs/20210218_165408.log')
[2021-02-18_16:54:29][INFO][python] Results saved to /root/dev/2021-SIPTA-crema/results/tmp/20210218_165408.csv
[2021-02-18_16:54:29][INFO][python] Starting experiment 10 out of 377
[2021-02-18_16:54:30][INFO][java] Saving log to: /root/dev/2021-SIPTA-crema/logs/20210218_165408.log
[2021-02-18_16:54:30][INFO][java] Input args: -t;--method=cve;-r;1;-w;0;-x;8;--timeout=600;/root/dev/2021-SIPTA-crema/networks/vmodel/vmodel-sing_n9_mID2_mD6_mV4_nV2-1.uai;--log=/root/dev/2021-SIPTA-crema/logs/20210218_165408.log
[2021-02-18_16:54:30][INFO][java] Starting experiments
[2021-02-18_16:54:30][INFO][java] Loaded model ([0, 1, 2, 3, 4, 5, 6, 7, 8], [(0,1), (1,2), (2,3), (3,4), (4,5), (5,6), (6,7), (7,8)])
