[2021-02-19_15:08:17][INFO][python] Logging info to /root/dev/2021-SIPTA-crema/logs/20210219_150817.log
[2021-02-19_15:08:17][INFO][python] Starting experiment 0 out of 755
[2021-02-19_15:08:17][INFO][python] command = java -Xmx64g -cp /root/dev/2021-SIPTA-crema/target/experiments.jar /root/dev/2021-SIPTA-crema/src/main/java/ch/idsia/RunCrema.java -t --method=cve -r 1 -w 0 -x 3 --timeout=600 /root/dev/2021-SIPTA-crema/networks/vmodel/vmodel-sing_n4_mID2_mD6_mV4_nV2-1.uai --log=/root/dev/2021-SIPTA-crema/logs/20210219_150817.log
[2021-02-19_15:08:18][INFO][java] Saving log to: /root/dev/2021-SIPTA-crema/logs/20210219_150817.log
[2021-02-19_15:08:18][INFO][java] Input args: -t;--method=cve;-r;1;-w;0;-x;3;--timeout=600;/root/dev/2021-SIPTA-crema/networks/vmodel/vmodel-sing_n4_mID2_mD6_mV4_nV2-1.uai;--log=/root/dev/2021-SIPTA-crema/logs/20210219_150817.log
[2021-02-19_15:08:18][INFO][java] Starting experiments
[2021-02-19_15:08:18][INFO][java] Loaded model ([0, 1, 2, 3], [(0,1), (1,2), (2,3)])
[2021-02-19_15:08:18][INFO][java] Measurable iteration 1/1 (53 ms.)
[2021-02-19_15:08:18][INFO][java] Processing results
[2021-02-19_15:08:18][INFO][java] results=dict(time=53.0,interval_result=[0.476609993,0.614758876376,0.385241123624,0.523390007],err_msg='',arg_str='-t;--method=cve;-r;1;-w;0;-x;3;--timeout=600;/root/dev/2021-SIPTA-crema/networks/vmodel/vmodel-sing_n4_mID2_mD6_mV4_nV2-1.uai;--log=/root/dev/2021-SIPTA-crema/logs/20210219_150817.log')
[2021-02-19_15:08:18][INFO][python] Results saved to /root/dev/2021-SIPTA-crema/results/tmp/20210219_150817.csv
[2021-02-19_15:08:18][INFO][python] Starting experiment 1 out of 755
[2021-02-19_15:08:18][INFO][python] command = java -Xmx64g -cp /root/dev/2021-SIPTA-crema/target/experiments.jar /root/dev/2021-SIPTA-crema/src/main/java/ch/idsia/RunCrema.java -t --method=cve -r 1 -w 0 -x 0 -y 3 --timeout=600 /root/dev/2021-SIPTA-crema/networks/vmodel/vmodel-sing_n4_mID2_mD6_mV4_nV2-1.uai --log=/root/dev/2021-SIPTA-crema/logs/20210219_150817.log
[2021-02-19_15:08:19][INFO][java] Saving log to: /root/dev/2021-SIPTA-crema/logs/20210219_150817.log
[2021-02-19_15:08:19][INFO][java] Input args: -t;--method=cve;-r;1;-w;0;-x;0;-y;3;--timeout=600;/root/dev/2021-SIPTA-crema/networks/vmodel/vmodel-sing_n4_mID2_mD6_mV4_nV2-1.uai;--log=/root/dev/2021-SIPTA-crema/logs/20210219_150817.log
[2021-02-19_15:08:19][INFO][java] Starting experiments
[2021-02-19_15:08:19][INFO][java] Loaded model ([0, 1, 2, 3], [(0,1), (1,2), (2,3)])
[2021-02-19_15:08:19][INFO][java] Measurable iteration 1/1 (51 ms.)
[2021-02-19_15:08:19][INFO][java] Processing results
[2021-02-19_15:08:19][INFO][java] results=dict(time=51.0,interval_result=[0.21158887521400385,0.31777107907580027,0.46768068370950255,0.6384243669543201,0.05671049889741206,0.2693091294252906,0.010565563603468645,0.0553632024719982],err_msg='',arg_str='-t;--method=cve;-r;1;-w;0;-x;0;-y;3;--timeout=600;/root/dev/2021-SIPTA-crema/networks/vmodel/vmodel-sing_n4_mID2_mD6_mV4_nV2-1.uai;--log=/root/dev/2021-SIPTA-crema/logs/20210219_150817.log')
[2021-02-19_15:08:19][INFO][python] Results saved to /root/dev/2021-SIPTA-crema/results/tmp/20210219_150817.csv
[2021-02-19_15:08:19][INFO][python] Starting experiment 2 out of 755
[2021-02-19_15:08:19][INFO][python] command = java -Xmx64g -cp /root/dev/2021-SIPTA-crema/target/experiments.jar /root/dev/2021-SIPTA-crema/src/main/java/ch/idsia/RunCrema.java -t --method=cve -r 1 -w 0 -x 2 --timeout=600 /root/dev/2021-SIPTA-crema/networks/vmodel/vmodel-mult_n4_mID2_mD6_mV4_nV2-1.uai --log=/root/dev/2021-SIPTA-crema/logs/20210219_150817.log
[2021-02-19_15:08:20][INFO][java] Saving log to: /root/dev/2021-SIPTA-crema/logs/20210219_150817.log
[2021-02-19_15:08:20][INFO][java] Input args: -t;--method=cve;-r;1;-w;0;-x;2;--timeout=600;/root/dev/2021-SIPTA-crema/networks/vmodel/vmodel-mult_n4_mID2_mD6_mV4_nV2-1.uai;--log=/root/dev/2021-SIPTA-crema/logs/20210219_150817.log
[2021-02-19_15:08:20][INFO][java] Starting experiments
[2021-02-19_15:08:20][INFO][java] Loaded model ([0, 1, 2, 3], [(0,1), (1,2), (3,2)])
