[2021-02-19_15:06:59][INFO][python] Logging info to /root/dev/2021-SIPTA-crema/logs/20210219_150659.log
[2021-02-19_15:06:59][INFO][python] Starting experiment 0 out of 2
[2021-02-19_15:06:59][INFO][python] command = java -Xmx64g -cp /root/dev/2021-SIPTA-crema/target/experiments.jar /root/dev/2021-SIPTA-crema/src/main/java/ch/idsia/RunCrema.java -t --method=cve -r 1 -w 0 -x 3 --timeout=1 /root/dev/2021-SIPTA-crema/networks/vmodel/vmodel-sing_n4_mID2_mD6_mV4_nV2-1.uai --log=/root/dev/2021-SIPTA-crema/logs/20210219_150659.log
[2021-02-19_15:07:00][INFO][java] Saving log to: /root/dev/2021-SIPTA-crema/logs/20210219_150659.log
[2021-02-19_15:07:01][INFO][java] Input args: -t;--method=cve;-r;1;-w;0;-x;3;--timeout=1;/root/dev/2021-SIPTA-crema/networks/vmodel/vmodel-sing_n4_mID2_mD6_mV4_nV2-1.uai;--log=/root/dev/2021-SIPTA-crema/logs/20210219_150659.log
[2021-02-19_15:07:01][INFO][java] Starting experiments
[2021-02-19_15:07:01][INFO][java] Loaded model ([0, 1, 2, 3], [(0,1), (1,2), (2,3)])
[2021-02-19_15:07:01][INFO][java] Measurable iteration 1/1 (47 ms.)
[2021-02-19_15:07:01][INFO][java] Processing results
[2021-02-19_15:07:01][INFO][java] results=dict(time=47.0,interval_result=[0.476609993,0.614758876376,0.385241123624,0.523390007],err_msg='',arg_str='-t;--method=cve;-r;1;-w;0;-x;3;--timeout=1;/root/dev/2021-SIPTA-crema/networks/vmodel/vmodel-sing_n4_mID2_mD6_mV4_nV2-1.uai;--log=/root/dev/2021-SIPTA-crema/logs/20210219_150659.log')
[2021-02-19_15:07:01][INFO][python] Results saved to /root/dev/2021-SIPTA-crema/results/tmp/20210219_150659.csv
[2021-02-19_15:07:01][INFO][python] Starting experiment 1 out of 2
[2021-02-19_15:07:01][INFO][python] command = java -Xmx64g -cp /root/dev/2021-SIPTA-crema/target/experiments.jar /root/dev/2021-SIPTA-crema/src/main/java/ch/idsia/RunCrema.java -t --method=cve -r 1 -w 0 -x 0 -y 3 --timeout=1 /root/dev/2021-SIPTA-crema/networks/vmodel/vmodel-sing_n4_mID2_mD6_mV4_nV2-1.uai --log=/root/dev/2021-SIPTA-crema/logs/20210219_150659.log
[2021-02-19_15:07:02][INFO][java] Saving log to: /root/dev/2021-SIPTA-crema/logs/20210219_150659.log
[2021-02-19_15:07:02][INFO][java] Input args: -t;--method=cve;-r;1;-w;0;-x;0;-y;3;--timeout=1;/root/dev/2021-SIPTA-crema/networks/vmodel/vmodel-sing_n4_mID2_mD6_mV4_nV2-1.uai;--log=/root/dev/2021-SIPTA-crema/logs/20210219_150659.log
[2021-02-19_15:07:02][INFO][java] Starting experiments
[2021-02-19_15:07:02][INFO][java] Loaded model ([0, 1, 2, 3], [(0,1), (1,2), (2,3)])
[2021-02-19_15:07:02][INFO][java] Measurable iteration 1/1 (55 ms.)
[2021-02-19_15:07:02][INFO][java] Processing results
[2021-02-19_15:07:02][INFO][java] results=dict(time=55.0,interval_result=[0.21158887521400385,0.31777107907580027,0.46768068370950255,0.6384243669543201,0.05671049889741206,0.2693091294252906,0.010565563603468645,0.0553632024719982],err_msg='',arg_str='-t;--method=cve;-r;1;-w;0;-x;0;-y;3;--timeout=1;/root/dev/2021-SIPTA-crema/networks/vmodel/vmodel-sing_n4_mID2_mD6_mV4_nV2-1.uai;--log=/root/dev/2021-SIPTA-crema/logs/20210219_150659.log')
[2021-02-19_15:07:02][INFO][python] Results saved to /root/dev/2021-SIPTA-crema/results/tmp/20210219_150659.csv
[2021-02-19_15:07:02][INFO][python] Starting experiment 2 out of 2
[2021-02-19_15:07:02][INFO][python] command = java -Xmx64g -cp /root/dev/2021-SIPTA-crema/target/experiments.jar /root/dev/2021-SIPTA-crema/src/main/java/ch/idsia/RunCrema.java -t --method=cve -r 1 -w 0 -x 2 --timeout=1 /root/dev/2021-SIPTA-crema/networks/vmodel/vmodel-mult_n4_mID2_mD6_mV4_nV2-1.uai --log=/root/dev/2021-SIPTA-crema/logs/20210219_150659.log
[2021-02-19_15:07:03][INFO][java] Saving log to: /root/dev/2021-SIPTA-crema/logs/20210219_150659.log
[2021-02-19_15:07:03][INFO][java] Input args: -t;--method=cve;-r;1;-w;0;-x;2;--timeout=1;/root/dev/2021-SIPTA-crema/networks/vmodel/vmodel-mult_n4_mID2_mD6_mV4_nV2-1.uai;--log=/root/dev/2021-SIPTA-crema/logs/20210219_150659.log
[2021-02-19_15:07:03][INFO][java] Starting experiments
[2021-02-19_15:07:03][INFO][java] Loaded model ([0, 1, 2, 3], [(0,1), (1,2), (3,2)])
[2021-02-19_15:07:05][SEVERE][java] java.util.concurrent.TimeoutException
[2021-02-19_15:07:05][INFO][java] Processing results
[2021-02-19_15:07:05][INFO][java] results=dict(time=0.0,err_msg='java.util.concurrent.TimeoutException',interval_result=[],arg_str='-t;--method=cve;-r;1;-w;0;-x;2;--timeout=1;/root/dev/2021-SIPTA-crema/networks/vmodel/vmodel-mult_n4_mID2_mD6_mV4_nV2-1.uai;--log=/root/dev/2021-SIPTA-crema/logs/20210219_150659.log')
[2021-02-19_15:07:16][INFO][python] Results saved to /root/dev/2021-SIPTA-crema/results/tmp/20210219_150659.csv
