[2021-02-19_12:04:00][INFO][python] Logging info to /root/dev/2021-SIPTA-crema/logs/20210219_120400.log
[2021-02-19_12:04:00][INFO][python] Starting experiment 0 out of 755
[2021-02-19_12:04:01][INFO][java] Saving log to: /root/dev/2021-SIPTA-crema/logs/20210219_120400.log
[2021-02-19_12:04:01][INFO][java] Input args: -t;--method=cve;-r;1;-w;0;-x;3;--timeout=600;/root/dev/2021-SIPTA-crema/networks/vmodel/vmodel-sing_n4_mID2_mD6_mV4_nV2-1.uai;--log=/root/dev/2021-SIPTA-crema/logs/20210219_120400.log
[2021-02-19_12:04:01][INFO][java] Starting experiments
[2021-02-19_12:04:01][INFO][java] Loaded model ([0, 1, 2, 3], [(0,1), (1,2), (2,3)])
[2021-02-19_12:04:01][INFO][java] Measurable iteration 1/1 (48 ms.)
[2021-02-19_12:04:01][INFO][java] Processing results
[2021-02-19_12:04:01][INFO][java] results=dict(time=48.0,interval_result=[0.476609993,0.614758876376,0.385241123624,0.523390007],err_msg='',arg_str='-t;--method=cve;-r;1;-w;0;-x;3;--timeout=600;/root/dev/2021-SIPTA-crema/networks/vmodel/vmodel-sing_n4_mID2_mD6_mV4_nV2-1.uai;--log=/root/dev/2021-SIPTA-crema/logs/20210219_120400.log')
[2021-02-19_12:04:01][INFO][python] Results saved to /root/dev/2021-SIPTA-crema/results/tmp/20210219_120400.csv
[2021-02-19_12:04:01][INFO][python] Starting experiment 1 out of 755
[2021-02-19_12:04:02][INFO][java] Saving log to: /root/dev/2021-SIPTA-crema/logs/20210219_120400.log
[2021-02-19_12:04:02][INFO][java] Input args: -t;--method=cve;-r;1;-w;0;-x;0;-y;3;--timeout=600;/root/dev/2021-SIPTA-crema/networks/vmodel/vmodel-sing_n4_mID2_mD6_mV4_nV2-1.uai;--log=/root/dev/2021-SIPTA-crema/logs/20210219_120400.log
[2021-02-19_12:04:02][INFO][java] Starting experiments
[2021-02-19_12:04:02][INFO][java] Loaded model ([0, 1, 2, 3], [(0,1), (1,2), (2,3)])
[2021-02-19_12:04:02][INFO][java] Measurable iteration 1/1 (63 ms.)
[2021-02-19_12:04:02][INFO][java] Processing results
[2021-02-19_12:04:02][INFO][java] results=dict(time=63.0,interval_result=[0.21158887521400385,0.31777107907580027,0.46768068370950255,0.6384243669543201,0.05671049889741206,0.2693091294252906,0.010565563603468645,0.0553632024719982],err_msg='',arg_str='-t;--method=cve;-r;1;-w;0;-x;0;-y;3;--timeout=600;/root/dev/2021-SIPTA-crema/networks/vmodel/vmodel-sing_n4_mID2_mD6_mV4_nV2-1.uai;--log=/root/dev/2021-SIPTA-crema/logs/20210219_120400.log')
[2021-02-19_12:04:03][INFO][python] Results saved to /root/dev/2021-SIPTA-crema/results/tmp/20210219_120400.csv
[2021-02-19_12:04:03][INFO][python] Starting experiment 2 out of 755
[2021-02-19_12:04:04][INFO][java] Saving log to: /root/dev/2021-SIPTA-crema/logs/20210219_120400.log
[2021-02-19_12:04:04][INFO][java] Input args: -t;--method=cve;-r;1;-w;0;-x;2;--timeout=600;/root/dev/2021-SIPTA-crema/networks/vmodel/vmodel-mult_n4_mID2_mD6_mV4_nV2-1.uai;--log=/root/dev/2021-SIPTA-crema/logs/20210219_120400.log
[2021-02-19_12:04:04][INFO][java] Starting experiments
[2021-02-19_12:04:04][INFO][java] Loaded model ([0, 1, 2, 3], [(0,1), (1,2), (3,2)])
