[2021-02-11_13:20:49][INFO][java] Input args: -et --method=cve -r 2 -w 1 -x 0 -y 1 --log=./logs/logfile.log ./networks/vmodel/vmodel-mult_n4_mID2_mD6_mV4_nV4-3.uai
[2021-02-11_13:20:49][INFO][java] Starting experiments
[2021-02-11_13:20:49][INFO][java] Processing results
[2021-02-11_13:26:00][INFO][java] Input args: -et --method=cve -r 2 -w 1 -x 0 -y 1 --log=./logs/logfile.log ./networks/vmodel/vmodel-mult_n4_mID2_mD6_mV4_nV4-3.uai
[2021-02-11_13:26:00][INFO][java] Starting experiments
[2021-02-11_13:26:00][INFO][java] Loaded model ([0, 1, 2, 3], [(1,0), (2,0), (3,2)])
[2021-02-11_13:26:00][INFO][java] Processing results
[2021-02-11_13:29:17][INFO][java] Input args: -et --method=cve -r 2 -w 1 -x 0 -y 1 --log=./logs/logfile.log ./networks/vmodel/vmodel-mult_n4_mID2_mD6_mV4_nV4-3.uai
[2021-02-11_13:29:17][INFO][java] Starting experiments
[2021-02-11_13:29:17][INFO][java] Loaded model ([0, 1, 2, 3], [(1,0), (2,0), (3,2)])
[2021-02-11_13:29:17][INFO][java] Warmup iteration 0/1 (xx ms.)
[2021-02-11_13:29:17][INFO][java] Measurable iteration 0/2 (xx ms.)
[2021-02-11_13:29:17][INFO][java] Measurable iteration 1/2 (xx ms.)
[2021-02-11_13:29:17][INFO][java] Processing results
[2021-02-11_13:31:28][INFO][java] Input args: -et --method=cve -r 2 -w 1 -x 0 -y 1 --log=./logs/logfile.log ./networks/vmodel/vmodel-mult_n4_mID2_mD6_mV4_nV4-3.uai
[2021-02-11_13:31:28][INFO][java] Starting experiments
[2021-02-11_13:31:28][INFO][java] Loaded model ([0, 1, 2, 3], [(1,0), (2,0), (3,2)])
[2021-02-11_13:31:29][INFO][java] Warmup iteration 0/1 (0ms.)
[2021-02-11_13:31:29][INFO][java] Measurable iteration 0/2 (xx ms.)
[2021-02-11_13:31:29][INFO][java] Measurable iteration 1/2 (xx ms.)
[2021-02-11_13:31:29][INFO][java] Processing results
[2021-02-11_13:40:55][INFO][java] Input args: -et --method=cve -r 2 -w 1 -x 0 -y 1 --log=./logs/logfile.log ./networks/vmodel/vmodel-mult_n4_mID2_mD6_mV4_nV4-3.uai
[2021-02-11_13:40:55][INFO][java] Starting experiments
[2021-02-11_13:40:55][INFO][java] Loaded model ([0, 1, 2, 3], [(1,0), (2,0), (3,2)])
[2021-02-11_13:40:59][INFO][java] Warmup iteration 0/1 (3957 ms.)
[2021-02-11_13:41:02][INFO][java] Measurable iteration 0/2 (xx ms.)
[2021-02-11_13:41:04][INFO][java] Measurable iteration 1/2 (xx ms.)
[2021-02-11_13:41:04][INFO][java] Processing results
[2021-02-11_13:41:27][INFO][java] Input args: -et --method=cve -r 2 -w 1 -x 0 -y 1 --log=./logs/logfile.log ./networks/vmodel/vmodel-mult_n4_mID2_mD6_mV4_nV4-3.uai
[2021-02-11_13:41:27][INFO][java] Starting experiments
[2021-02-11_13:41:27][INFO][java] Loaded model ([0, 1, 2, 3], [(1,0), (2,0), (3,2)])
[2021-02-11_13:41:30][INFO][java] Warmup iteration 0/1 (2989 ms.)
[2021-02-11_13:41:32][INFO][java] Measurable iteration 0/2 (2187 ms.)
[2021-02-11_13:41:36][INFO][java] Measurable iteration 1/2 (3402 ms.)
[2021-02-11_13:41:36][INFO][java] Processing results
[2021-02-11_13:41:59][INFO][java] Input args: -et --method=cve -r 3 -w 2 -x 0 -y 1 --log=./logs/logfile.log ./networks/vmodel/vmodel-mult_n4_mID2_mD6_mV4_nV4-3.uai
[2021-02-11_13:41:59][INFO][java] Starting experiments
[2021-02-11_13:41:59][INFO][java] Loaded model ([0, 1, 2, 3], [(1,0), (2,0), (3,2)])
[2021-02-11_13:42:02][INFO][java] Warmup iteration 0/2 (2910 ms.)
[2021-02-11_13:42:04][INFO][java] Warmup iteration 1/2 (2112 ms.)
[2021-02-11_13:42:06][INFO][java] Measurable iteration 0/3 (2155 ms.)
[2021-02-11_13:42:09][INFO][java] Measurable iteration 1/3 (2155 ms.)
[2021-02-11_13:42:11][INFO][java] Measurable iteration 2/3 (1927 ms.)
[2021-02-11_13:42:11][INFO][java] Processing results
[2021-02-11_13:42:46][INFO][java] Input args: -et --method=cve -r 3 -w 2 -x 0 -y 1 --log=./logs/logfile.log ./networks/vmodel/vmodel-mult_n4_mID2_mD6_mV4_nV4-3.uai
[2021-02-11_13:42:46][INFO][java] Starting experiments
[2021-02-11_13:42:46][INFO][java] Loaded model ([0, 1, 2, 3], [(1,0), (2,0), (3,2)])
[2021-02-11_13:42:49][INFO][java] Warmup iteration 1/2 (3067 ms.)
[2021-02-11_13:42:52][INFO][java] Warmup iteration 2/2 (2298 ms.)
[2021-02-11_13:42:54][INFO][java] Measurable iteration 1/3 (1909 ms.)
[2021-02-11_13:42:56][INFO][java] Measurable iteration 2/3 (2038 ms.)
[2021-02-11_13:42:58][INFO][java] Measurable iteration 3/3 (2048 ms.)
[2021-02-11_13:42:58][INFO][java] Processing results
[2021-02-11_15:30:29][INFO][java] Input args: -et --method=cve -r 3 -w 1 -x 0 -y 1 --log=./logs/logfile.log ./networks/vmodel/vmodel-mult_n4_mID2_mD6_mV4_nV4-3.uai
[2021-02-11_15:30:29][INFO][java] Starting experiments
[2021-02-11_15:30:29][INFO][java] Loaded model ([0, 1, 2, 3], [(1,0), (2,0), (3,2)])
[2021-02-11_15:30:33][INFO][java] Warmup iteration 1/1 (3778 ms.)
[2021-02-11_15:30:37][INFO][java] Measurable iteration 1/3 (3398 ms.)
[2021-02-11_15:30:39][INFO][java] Measurable iteration 2/3 (2176 ms.)
[2021-02-11_15:30:41][INFO][java] Measurable iteration 3/3 (2274 ms.)
[2021-02-11_15:30:41][INFO][java] Processing results
[2021-02-11_15:32:42][INFO][java] Saving log to: ./logs/logfile.log
[2021-02-11_15:32:42][INFO][java] Input args: -et --method=cve -r 3 -w 1 -x 0 -y 1 --log=./logs/logfile.log ./networks/vmodel/vmodel-mult_n4_mID2_mD6_mV4_nV4-3.uai
[2021-02-11_15:32:42][INFO][java] Starting experiments
[2021-02-11_15:32:42][INFO][java] Loaded model ([0, 1, 2, 3], [(1,0), (2,0), (3,2)])
[2021-02-11_15:32:45][INFO][java] Warmup iteration 1/1 (3086 ms.)
[2021-02-11_15:32:47][INFO][java] Measurable iteration 1/3 (2370 ms.)
[2021-02-11_15:32:50][INFO][java] Measurable iteration 2/3 (2219 ms.)
[2021-02-11_15:32:52][INFO][java] Measurable iteration 3/3 (1974 ms.)
[2021-02-11_15:32:52][INFO][java] Processing results
[2021-02-11_15:43:53][INFO][java] Saving log to: ./logs/logfile.log
[2021-02-11_15:43:53][INFO][java] Input args: -et --method=approxlp -r 3 -w 1 -x 0 -y 1 --log=./logs/logfile.log ./networks/hmodel/vmodel-mult_n4_mID2_mD6_mV4_nV4-3.uai
[2021-02-11_15:43:53][INFO][java] Starting experiments
[2021-02-11_15:45:09][INFO][java] Saving log to: ./logs/logfile.log
[2021-02-11_15:45:09][INFO][java] Input args: -et --method=approxlp -r 3 -w 1 -x 0 -y 1 --log=./logs/logfile.log ./networks/hmodel/vmodel-mult_n4_mID2_mD6_mV4_nV4-3.uai
[2021-02-11_15:45:09][INFO][java] Starting experiments
[2021-02-11_15:45:09][SEVERE][java] ./networks/hmodel/vmodel-mult_n4_mID2_mD6_mV4_nV4-3.uai
[2021-02-11_15:45:35][INFO][java] Saving log to: ./logs/logfile.log
[2021-02-11_15:45:35][INFO][java] Input args: -et --method=approxlp -r 3 -w 1 -x 0 -y 1 --log=./logs/logfile.log ./networks/hmodel/vmodel-mult_n4_mID2_mD6_mV4_nV4-3.uai
[2021-02-11_15:45:35][INFO][java] Starting experiments
[2021-02-11_15:45:35][SEVERE][java] ./networks/hmodel/vmodel-mult_n4_mID2_mD6_mV4_nV4-3.uai
[2021-02-11_15:45:46][INFO][java] Saving log to: ./logs/logfile.log
[2021-02-11_15:45:46][INFO][java] Input args: -et --method=approxlp -r 3 -w 1 -x 0 -y 1 --log=./logs/logfile.log ./networks/hmodel/vmodel-mult_n4_mID2_mD6_mV4_nV4-3.uai
[2021-02-11_15:45:46][INFO][java] Starting experiments
[2021-02-11_15:45:46][SEVERE][java] ./networks/hmodel/vmodel-mult_n4_mID2_mD6_mV4_nV4-3.uai
[2021-02-11_15:45:56][INFO][java] Saving log to: ./logs/logfile.log
[2021-02-11_15:45:56][INFO][java] Input args: -et --method=approxlp -r 3 -w 1 -x 0 -y 1 --log=./logs/logfile.log ./networks/hmodel/vmodel-mult_n4_mID2_mD6_mV4_nV4-3.uai
[2021-02-11_15:45:56][INFO][java] Starting experiments
[2021-02-11_15:45:56][SEVERE][java] ./networks/hmodel/vmodel-mult_n4_mID2_mD6_mV4_nV4-3.uai
[2021-02-11_15:46:56][INFO][java] Saving log to: ./logs/logfile.log
[2021-02-11_15:46:56][INFO][java] Input args: -et --method=approxlp -r 3 -w 1 -x 0 -y 1 --log=./logs/logfile.log ./networks/hmodel/vmodel-mult_n4_mID2_mD6_mV4_nV4-3.uai
[2021-02-11_15:46:56][INFO][java] Starting experiments
[2021-02-11_15:46:56][SEVERE][java] java.nio.file.NoSuchFileException: ./networks/hmodel/vmodel-mult_n4_mID2_mD6_mV4_nV4-3.uai
[2021-02-11_15:47:48][INFO][java] Saving log to: ./logs/logfile.log
[2021-02-11_15:47:48][INFO][java] Input args: -et --method=approxlp -r 3 -w 1 -x 0 -y 1 --log=./logs/logfile.log ./networks/hmodel/vmodel-mult_n4_mID2_mD6_mV4_nV4-3.uai
[2021-02-11_15:47:48][INFO][java] Starting experiments
[2021-02-11_15:47:48][SEVERE][java] java.nio.file.NoSuchFileException: ./networks/hmodel/vmodel-mult_n4_mID2_mD6_mV4_nV4-3.uai
[2021-02-11_15:48:00][INFO][java] Saving log to: ./logs/logfile.log
[2021-02-11_15:48:00][INFO][java] Input args: -et --method=approxlp -r 3 -w 1 -x 0 -y 1 --log=./logs/logfile.log ./networks/hmodel/hmodel-mult_n4_mID2_mD6_mV4_nV4-3.uai
[2021-02-11_15:48:00][INFO][java] Starting experiments
[2021-02-11_15:48:00][INFO][java] Loaded model ([0, 1, 2, 3], [(1,0), (2,0), (3,2)])
[2021-02-11_15:48:01][SEVERE][java] java.lang.IllegalArgumentException: no such vertex in graph: 1
[2021-02-11_15:48:26][INFO][java] Saving log to: ./logs/logfile.log
[2021-02-11_15:48:26][INFO][java] Input args: -et --method=approxlp -r 3 -w 1 -x 0 -y 1 --log=./logs/logfile.log ./networks/hmodel/hmodel-mult_n4_mID2_mD6_mV4_nV4-3.uai
[2021-02-11_15:48:26][INFO][java] Starting experiments
[2021-02-11_15:48:26][INFO][java] Loaded model ([0, 1, 2, 3], [(1,0), (2,0), (3,2)])
[2021-02-11_16:12:21][SEVERE][java] java.lang.IllegalArgumentException: no such vertex in graph: 1
[2021-02-11_16:12:23][INFO][java] Saving log to: ./logs/logfile.log
[2021-02-11_16:12:23][INFO][java] Input args: -et --method=approxlp -r 3 -w 1 -x 0 -y 1 --log=./logs/logfile.log ./networks/hmodel/hmodel-mult_n4_mID2_mD6_mV4_nV4-3.uai
[2021-02-11_16:12:23][INFO][java] Starting experiments
[2021-02-11_16:12:23][INFO][java] Loaded model ([0, 1, 2, 3], [(1,0), (2,0), (3,2)])
[2021-02-11_16:25:45][SEVERE][java] java.lang.IllegalArgumentException: no such vertex in graph: 1
[2021-02-11_16:25:48][INFO][java] Saving log to: ./logs/logfile.log
[2021-02-11_16:25:48][INFO][java] Input args: -et --method=approxlp -r 3 -w 1 -x 0 -y 1 --log=./logs/logfile.log ./networks/hmodel/hmodel-mult_n4_mID2_mD6_mV4_nV4-3.uai
[2021-02-11_16:25:48][INFO][java] Starting experiments
[2021-02-11_16:25:49][INFO][java] Loaded model ([0, 1, 2, 3], [(1,0), (2,0), (3,2)])
[2021-02-11_16:25:49][SEVERE][java] org.apache.commons.math3.optim.linear.NoFeasibleSolutionException: no feasible solution
[2021-02-11_16:27:12][INFO][java] Saving log to: ./logs/logfile.log
[2021-02-11_16:27:12][INFO][java] Input args: -et --method=approxlp -r 3 -w 1 -x 0 -y 1 --log=./logs/logfile.log ./networks/hmodel/hmodel-mult_n4_mID2_mD6_mV4_nV4-3.uai
[2021-02-11_16:27:12][INFO][java] Starting experiments
[2021-02-11_16:27:12][INFO][java] Loaded model ([0, 1, 2, 3], [(1,0), (2,0), (3,2)])
[2021-02-11_16:31:16][INFO][java] Saving log to: ./logs/logfile.log
[2021-02-11_16:31:16][INFO][java] Input args: -et --method=approxlp -r 3 -w 1 -x 0 -y 1 --log=./logs/logfile.log ./networks/hmodel/hmodel-mult_n4_mID2_mD6_mV4_nV4-3.uai
[2021-02-11_16:31:16][INFO][java] Starting experiments
[2021-02-11_16:31:16][INFO][java] Loaded model ([0, 1, 2, 3], [(1,0), (2,0), (3,2)])
[2021-02-11_16:31:29][SEVERE][java] org.apache.commons.math3.optim.linear.NoFeasibleSolutionException: no feasible solution
[2021-02-11_16:31:59][INFO][java] Saving log to: ./logs/logfile.log
[2021-02-11_16:31:59][INFO][java] Input args: -et --method=approxlp -r 3 -w 1 -x 0 -y 1 --log=./logs/logfile.log ./networks/hmodel/hmodel-mult_n4_mID2_mD6_mV4_nV4-3.uai
[2021-02-11_16:31:59][INFO][java] Starting experiments
[2021-02-11_16:31:59][INFO][java] Loaded model ([0, 1, 2, 3], [(1,0), (2,0), (3,2)])
[2021-02-11_16:32:00][SEVERE][java] org.apache.commons.math3.optim.linear.NoFeasibleSolutionException: no feasible solution
[2021-02-11_16:55:43][INFO][java] Saving log to: ./logs/logfile.log
[2021-02-11_16:55:43][INFO][java] Input args: -et --method=approxlp -r 3 -w 1 -x 0 -y 1 --log=./logs/logfile.log ./networks/hmodel/hmodel-mult_n4_mID2_mD6_mV4_nV4-3.uai
[2021-02-11_16:55:43][INFO][java] Starting experiments
[2021-02-11_16:55:44][INFO][java] Loaded model ([0, 1, 2, 3], [(1,0), (2,0), (3,2)])
[2021-02-11_16:57:27][INFO][java] Saving log to: ./logs/logfile.log
[2021-02-11_16:57:27][INFO][java] Input args: -et --method=approxlp -r 3 -w 1 -x 0 -y 1 --log=./logs/logfile.log ./networks/hmodel/hmodel-mult_n4_mID2_mD6_mV4_nV4-3.uai
[2021-02-11_16:57:27][INFO][java] Starting experiments
[2021-02-11_16:57:27][INFO][java] Loaded model ([0, 1, 2, 3], [(1,0), (2,0), (3,2)])
[2021-02-11_16:58:59][INFO][java] Saving log to: ./logs/logfile.log
[2021-02-11_16:58:59][INFO][java] Input args: -et --method=approxlp -r 3 -w 1 -x 0 -y 1 --log=./logs/logfile.log ./networks/hmodel/hmodel-mult_n4_mID2_mD6_mV4_nV4-3.uai
[2021-02-11_16:58:59][INFO][java] Starting experiments
[2021-02-11_16:58:59][INFO][java] Loaded model ([0, 1, 2, 3], [(1,0), (2,0), (3,2)])
[2021-02-11_17:00:03][INFO][java] Saving log to: ./logs/logfile.log
[2021-02-11_17:00:03][INFO][java] Input args: -et --method=approxlp -r 3 -w 1 -x 0 -y 1 --log=./logs/logfile.log ./networks/hmodel/hmodel-mult_n4_mID2_mD6_mV4_nV4-3.uai
[2021-02-11_17:00:03][INFO][java] Starting experiments
[2021-02-11_17:00:04][INFO][java] Loaded model ([0, 1, 2, 3], [(1,0), (2,0), (3,2)])
[2021-02-11_17:01:11][INFO][java] Saving log to: ./logs/logfile.log
[2021-02-11_17:01:11][INFO][java] Input args: -et --method=approxlp -r 3 -w 1 -x 0 -y 1 --log=./logs/logfile.log ./networks/hmodel/hmodel-mult_n4_mID2_mD6_mV4_nV4-3.uai
[2021-02-11_17:01:11][INFO][java] Starting experiments
[2021-02-11_17:01:12][INFO][java] Loaded model ([0, 1, 2, 3], [(1,0), (2,0), (3,2)])
[2021-02-11_17:02:43][SEVERE][java] java.lang.IllegalArgumentException: no such vertex in graph: 1
[2021-02-11_17:11:02][INFO][java] Saving log to: ./logs/logfile.log
[2021-02-11_17:11:02][INFO][java] Input args: -et --method=approxlp -r 3 -w 1 -x 0 -y 1 --log=./logs/logfile.log ./networks/hmodel/hmodel-mult_n4_mID2_mD6_mV4_nV4-3.uai
[2021-02-11_17:11:02][INFO][java] Starting experiments
[2021-02-11_17:11:03][INFO][java] Loaded model ([0, 1, 2, 3], [(1,0), (2,0), (3,2)])
[2021-02-11_17:11:03][SEVERE][java] org.apache.commons.math3.optim.linear.NoFeasibleSolutionException: no feasible solution
[2021-02-11_17:11:13][INFO][java] Saving log to: ./logs/logfile.log
[2021-02-11_17:11:13][INFO][java] Input args: -et --method=approxlp -r 3 -w 1 -x 0 -y 1 --log=./logs/logfile.log ./networks/hmodel/hmodel-mult_n4_mID2_mD6_mV4_nV4-3.uai
[2021-02-11_17:11:13][INFO][java] Starting experiments
[2021-02-11_17:11:13][INFO][java] Loaded model ([0, 1, 2, 3], [(1,0), (2,0), (3,2)])
[2021-02-11_17:47:14][INFO][java] Saving log to: ./logs/logfile.log
[2021-02-11_17:47:14][INFO][java] Input args: -et --method=approxlp -r 3 -w 1 -x 0 --log=./logs/logfile.log ./networks/hmodel/hmodel-mult_n4_mID2_mD6_mV4_nV4-3.uai
[2021-02-11_17:47:14][INFO][java] Starting experiments
[2021-02-11_17:47:14][INFO][java] Loaded model ([0, 1, 2, 3], [(1,0), (2,0), (3,2)])
[2021-02-11_17:47:14][SEVERE][java] org.apache.commons.math3.optim.linear.NoFeasibleSolutionException: no feasible solution
[2021-02-11_17:49:14][INFO][java] Saving log to: ./logs/logfile.log
[2021-02-11_17:49:14][INFO][java] Input args: -et --method=approxlp -r 3 -w 1 -x 0 --log=./logs/logfile.log ./networks/hmodel/hmodel-mult_n4_mID2_mD6_mV4_nV4-3.uai
[2021-02-11_17:49:14][INFO][java] Starting experiments
[2021-02-11_17:49:14][INFO][java] Loaded model ([0, 1, 2, 3], [(1,0), (2,0), (3,2)])
[2021-02-11_17:54:31][SEVERE][java] org.apache.commons.math3.optim.linear.NoFeasibleSolutionException: no feasible solution
[2021-02-11_17:54:36][INFO][java] Saving log to: ./logs/logfile.log
[2021-02-11_17:54:36][INFO][java] Input args: -et --method=approxlp -r 3 -w 1 -x 0 --log=./logs/logfile.log ./networks/hmodel/hmodel-mult_n4_mID2_mD6_mV4_nV4-3.uai
[2021-02-11_17:54:36][INFO][java] Starting experiments
[2021-02-11_17:54:36][INFO][java] Loaded model ([0, 1, 2, 3], [(1,0), (2,0), (3,2)])
[2021-02-11_17:55:03][SEVERE][java] org.apache.commons.math3.optim.linear.NoFeasibleSolutionException: no feasible solution
[2021-02-11_18:11:47][INFO][java] Saving log to: ./logs/logfile.log
[2021-02-11_18:11:47][INFO][java] Input args: -et --method=approxlp -r 3 -w 1 -x 0 --log=./logs/logfile.log ./networks/hmodel/hmodel-mult_n4_mID2_mD6_mV4_nV4-3.uai
[2021-02-11_18:11:47][INFO][java] Starting experiments
[2021-02-11_18:11:48][INFO][java] Loaded model ([0, 1, 2, 3], [(1,0), (2,0), (3,2)])
[2021-02-11_18:11:48][SEVERE][java] org.apache.commons.math3.optim.linear.NoFeasibleSolutionException: no feasible solution
[2021-02-11_18:12:07][INFO][java] Saving log to: ./logs/logfile.log
[2021-02-11_18:12:07][INFO][java] Input args: -et --method=approxlp -r 3 -w 1 -x 0 --log=./logs/logfile.log ./networks/hmodel/hmodel-mult_n4_mID2_mD6_mV4_nV4-3.uai
[2021-02-11_18:12:07][INFO][java] Starting experiments
[2021-02-11_18:12:08][INFO][java] Loaded model ([0, 1, 2, 3], [(1,0), (2,0), (3,2)])
[2021-02-11_18:12:08][SEVERE][java] org.apache.commons.math3.optim.linear.NoFeasibleSolutionException: no feasible solution
[2021-02-11_18:12:15][INFO][java] Saving log to: ./logs/logfile.log
[2021-02-11_18:12:15][INFO][java] Input args: -et --method=approxlp -r 3 -w 1 -x 0 --log=./logs/logfile.log ./networks/hmodel/hmodel-mult_n4_mID2_mD6_mV4_nV4-3.uai
[2021-02-11_18:12:15][INFO][java] Starting experiments
[2021-02-11_18:12:15][INFO][java] Loaded model ([0, 1, 2, 3], [(1,0), (2,0), (3,2)])
[2021-02-11_18:12:47][SEVERE][java] org.apache.commons.math3.optim.linear.NoFeasibleSolutionException: no feasible solution
[2021-02-11_18:13:15][INFO][java] Saving log to: ./logs/logfile.log
[2021-02-11_18:13:15][INFO][java] Input args: -et --method=approxlp -r 3 -w 1 -x 0 --log=./logs/logfile.log ./networks/hmodel/hmodel-mult_n4_mID2_mD6_mV4_nV4-3.uai
[2021-02-11_18:13:15][INFO][java] Starting experiments
[2021-02-11_18:13:15][INFO][java] Loaded model ([0, 1, 2, 3], [(1,0), (2,0), (3,2)])
[2021-02-11_18:13:21][SEVERE][java] org.apache.commons.math3.optim.linear.NoFeasibleSolutionException: no feasible solution
[2021-02-11_18:13:39][INFO][java] Saving log to: ./logs/logfile.log
[2021-02-11_18:13:39][INFO][java] Input args: -et --method=approxlp -r 3 -w 1 -x 0 --log=./logs/logfile.log ./networks/hmodel/hmodel-mult_n4_mID2_mD6_mV4_nV4-3.uai
[2021-02-11_18:13:39][INFO][java] Starting experiments
[2021-02-11_18:13:39][INFO][java] Loaded model ([0, 1, 2, 3], [(1,0), (2,0), (3,2)])
[2021-02-11_18:14:33][SEVERE][java] org.apache.commons.math3.optim.linear.NoFeasibleSolutionException: no feasible solution
[2021-02-11_18:14:34][INFO][java] Saving log to: ./logs/logfile.log
[2021-02-11_18:14:34][INFO][java] Input args: -et --method=approxlp -r 3 -w 1 -x 0 --log=./logs/logfile.log ./networks/hmodel/hmodel-mult_n4_mID2_mD6_mV4_nV4-3.uai
[2021-02-11_18:14:34][INFO][java] Starting experiments
[2021-02-11_18:14:34][INFO][java] Loaded model ([0, 1, 2, 3], [(1,0), (2,0), (3,2)])
[2021-02-11_18:15:59][SEVERE][java] org.apache.commons.math3.optim.linear.NoFeasibleSolutionException: no feasible solution
[2021-02-12_18:32:15][INFO][java] Saving log to: ./logs/logfile.log
[2021-02-12_18:32:15][INFO][java] Input args: -et --method=approxlp -r 3 -w 1 -x 0 --log=./logs/logfile.log ./networks/hmodel/hmodel-mult_n4_mID2_mD6_mV4_nV4-3.uai
[2021-02-12_18:32:15][INFO][java] Starting experiments
[2021-02-12_18:32:15][INFO][java] Loaded model ([0, 1, 2, 3], [(1,0), (2,0), (3,2)])
[2021-02-12_18:32:15][SEVERE][java] org.apache.commons.math3.optim.linear.NoFeasibleSolutionException: no feasible solution
